accuracy for run 1 = 1.0
avg accuracy for 1 runs = 1.0

accuracy for run 2 = 1.0
avg accuracy for 2 runs = 1.0

accuracy for run 3 = 0.9473684210526315
avg accuracy for 3 runs = 0.9824561403508771

accuracy for run 4 = 0.9090909090909091
avg accuracy for 4 runs = 0.9641148325358851

accuracy for run 5 = 1.0
avg accuracy for 5 runs = 0.971291866028708

accuracy for run 6 = 1.0
avg accuracy for 6 runs = 0.9760765550239233

accuracy for run 7 = 0.9411764705882353
avg accuracy for 7 runs = 0.971090828675968

accuracy for run 8 = 1.0
avg accuracy for 8 runs = 0.974704475091472

accuracy for run 9 = 0.7916666666666666
avg accuracy for 9 runs = 0.9543669408220491

accuracy for run 10 = 0.9117647058823529
avg accuracy for 10 runs = 0.9501067173280795

accuracy for run 11 = 0.9411764705882353
avg accuracy for 11 runs = 0.9492948767153664

accuracy for run 12 = 0.9642857142857143
avg accuracy for 12 runs = 0.950544113179562

accuracy for run 13 = 1.0
avg accuracy for 13 runs = 0.9543484121657495

accuracy for run 14 = 0.9285714285714286
avg accuracy for 14 runs = 0.9525071990518695

accuracy for run 15 = 1.0
avg accuracy for 15 runs = 0.9556733857817449

accuracy for run 16 = 1.0
avg accuracy for 16 runs = 0.9584437991703858

accuracy for run 17 = 1.0
avg accuracy for 17 runs = 0.9608882815721278

accuracy for run 18 = 0.9444444444444444
avg accuracy for 18 runs = 0.9599747350650342

accuracy for run 19 = 1.0
avg accuracy for 19 runs = 0.9620813279563482

accuracy for run 20 = 0.9
avg accuracy for 20 runs = 0.9589772615585307

accuracy for run 21 = 1.0
avg accuracy for 21 runs = 0.9609307252938388

accuracy for run 22 = 0.8235294117647058
avg accuracy for 22 runs = 0.9546852110425146

accuracy for run 23 = 0.9333333333333333
avg accuracy for 23 runs = 0.9537568685334198

accuracy for run 24 = 0.8846153846153846
avg accuracy for 24 runs = 0.9508759733701684

accuracy for run 25 = 1.0
avg accuracy for 25 runs = 0.9528409344353617

accuracy for run 26 = 1.0
avg accuracy for 26 runs = 0.9546547446493862

accuracy for run 27 = 1.0
avg accuracy for 27 runs = 0.9563341985512608

accuracy for run 28 = 1.0
avg accuracy for 28 runs = 0.9578936914601444

accuracy for run 29 = 1.0
avg accuracy for 29 runs = 0.9593456331339325

accuracy for run 30 = 1.0
avg accuracy for 30 runs = 0.9607007786961347

accuracy for run 31 = 0.9545454545454546
avg accuracy for 31 runs = 0.9605022198525643

accuracy for run 32 = 0.9230769230769231
avg accuracy for 32 runs = 0.9593326793283257

accuracy for run 33 = 0.95
avg accuracy for 33 runs = 0.959049870863831

accuracy for run 34 = 0.9047619047619048
avg accuracy for 34 runs = 0.9574531659784801

accuracy for run 35 = 0.8888888888888888
avg accuracy for 35 runs = 0.9554941866330631

accuracy for run 36 = 0.9130434782608695
avg accuracy for 36 runs = 0.954315000289391

accuracy for run 37 = 1.0
avg accuracy for 37 runs = 0.9555497300112993

accuracy for run 38 = 1.0
avg accuracy for 38 runs = 0.9567194739583704

accuracy for run 39 = 0.9032258064516129
avg accuracy for 39 runs = 0.9553478414581972

accuracy for run 40 = 1.0
avg accuracy for 40 runs = 0.9564641454217424

accuracy for run 41 = 1.0
avg accuracy for 41 runs = 0.9575259955334072

accuracy for run 42 = 0.9230769230769231
avg accuracy for 42 runs = 0.9567057795225385

accuracy for run 43 = 0.9166666666666666
avg accuracy for 43 runs = 0.9557746373630995

accuracy for run 44 = 0.9696969696969697
avg accuracy for 44 runs = 0.9560910540070512

accuracy for run 45 = 1.0
avg accuracy for 45 runs = 0.9570668083624501

accuracy for run 46 = 1.0
avg accuracy for 46 runs = 0.9580001386154402

accuracy for run 47 = 0.68
avg accuracy for 47 runs = 0.9520852420491542

accuracy for run 48 = 1.0
avg accuracy for 48 runs = 0.9530834661731303

accuracy for run 49 = 0.9473684210526315
avg accuracy for 49 runs = 0.9529668325992426

accuracy for run 50 = 1.0
avg accuracy for 50 runs = 0.9539074959472578

accuracy for run 51 = 0.975609756097561
avg accuracy for 51 runs = 0.9543330304600088

accuracy for run 52 = 1.0
avg accuracy for 52 runs = 0.955211241412701

accuracy for run 53 = 1.0
avg accuracy for 53 runs = 0.9560563123294424

accuracy for run 54 = 0.9583333333333334
avg accuracy for 54 runs = 0.9560984793850701

accuracy for run 55 = 0.9545454545454546
avg accuracy for 55 runs = 0.9560702425698043

accuracy for run 56 = 0.8666666666666667
avg accuracy for 56 runs = 0.9544737501429627

accuracy for run 57 = 0.9473684210526315
avg accuracy for 57 runs = 0.954349095246641

accuracy for run 58 = 1.0
avg accuracy for 58 runs = 0.955136179811354

accuracy for run 59 = 1.0
avg accuracy for 59 runs = 0.955896583543365

accuracy for run 60 = 1.0
avg accuracy for 60 runs = 0.9566316404843089

accuracy for run 61 = 0.9428571428571428
avg accuracy for 61 runs = 0.956405829047798

accuracy for run 62 = 0.6923076923076923
avg accuracy for 62 runs = 0.9521461816810222

accuracy for run 63 = 1.0
avg accuracy for 63 runs = 0.9529057660987836

accuracy for run 64 = 0.9523809523809523
avg accuracy for 64 runs = 0.9528975658844425

accuracy for run 65 = 0.9047619047619048
avg accuracy for 65 runs = 0.9521570172517881

accuracy for run 66 = 0.975
avg accuracy for 66 runs = 0.9525031230510035

accuracy for run 67 = 0.9
avg accuracy for 67 runs = 0.9517194943487497

accuracy for run 68 = 1.0
avg accuracy for 68 runs = 0.9524295017847973

accuracy for run 69 = 0.9583333333333334
avg accuracy for 69 runs = 0.952515064560863

accuracy for run 70 = 1.0
avg accuracy for 70 runs = 0.9531934207814221

accuracy for run 71 = 0.9333333333333333
avg accuracy for 71 runs = 0.9529137012398998

accuracy for run 72 = 0.9583333333333334
avg accuracy for 72 runs = 0.9529889739078643

accuracy for run 73 = 1.0
avg accuracy for 73 runs = 0.9536329605666607

accuracy for run 74 = 0.896551724137931
avg accuracy for 74 runs = 0.952861592506813

accuracy for run 75 = 0.9473684210526315
avg accuracy for 75 runs = 0.9527883502207573

accuracy for run 76 = 1.0
avg accuracy for 76 runs = 0.9534095561389052

accuracy for run 77 = 0.8636363636363636
avg accuracy for 77 runs = 0.952243670521989

accuracy for run 78 = 0.7837837837837838
avg accuracy for 78 runs = 0.9500839283843198

accuracy for run 79 = 0.9090909090909091
avg accuracy for 79 runs = 0.9495650294059221

accuracy for run 80 = 0.9285714285714286
avg accuracy for 80 runs = 0.949302609395491

accuracy for run 81 = 0.9791666666666666
avg accuracy for 81 runs = 0.9496713014605673

accuracy for run 82 = 0.9655172413793104
avg accuracy for 82 runs = 0.9498645446303081

accuracy for run 83 = 1.0
avg accuracy for 83 runs = 0.9504685862612683

accuracy for run 84 = 0.9318181818181818
avg accuracy for 84 runs = 0.9502465576369459

accuracy for run 85 = 1.0
avg accuracy for 85 runs = 0.9508318922529818

accuracy for run 86 = 0.9615384615384616
avg accuracy for 86 runs = 0.9509563872446735

accuracy for run 87 = 0.9583333333333334
avg accuracy for 87 runs = 0.9510411797284511

accuracy for run 88 = 0.8461538461538461
avg accuracy for 88 runs = 0.9498492782105575

accuracy for run 89 = 1.0
avg accuracy for 89 runs = 0.9504127694666187

accuracy for run 90 = 0.9130434782608695
avg accuracy for 90 runs = 0.9499975551198881

accuracy for run 91 = 1.0
avg accuracy for 91 runs = 0.9505470325361531

accuracy for run 92 = 0.8846153846153846
avg accuracy for 92 runs = 0.9498303841891883

accuracy for run 93 = 1.0
avg accuracy for 93 runs = 0.9503698424237131

accuracy for run 94 = 0.8636363636363636
avg accuracy for 94 runs = 0.949447145840869

accuracy for run 95 = 1.0
avg accuracy for 95 runs = 0.9499792811478072

accuracy for run 96 = 0.9375
avg accuracy for 96 runs = 0.949849288635851

accuracy for run 97 = 1.0
avg accuracy for 97 runs = 0.9503663062787804

accuracy for run 98 = 0.967741935483871
avg accuracy for 98 runs = 0.9505436086176079

accuracy for run 99 = 1.0
avg accuracy for 99 runs = 0.9510431681265209

accuracy for run 100 = 1.0
avg accuracy for 100 runs = 0.9515327364452557

accuracy for run 101 = 0.8846153846153846
avg accuracy for 101 runs = 0.9508701884073362

accuracy for run 102 = 1.0
avg accuracy for 102 runs = 0.9513518532268721

accuracy for run 103 = 1.0
avg accuracy for 103 runs = 0.9518241653314656

accuracy for run 104 = 0.9545454545454546
avg accuracy for 104 runs = 0.9518503315739077

accuracy for run 105 = 0.975
avg accuracy for 105 runs = 0.9520708046065371

accuracy for run 106 = 1.0
avg accuracy for 106 runs = 0.9525229668272303

accuracy for run 107 = 1.0
avg accuracy for 107 runs = 0.95296667741763

accuracy for run 108 = 0.8571428571428571
avg accuracy for 108 runs = 0.9520794198224932

accuracy for run 109 = 1.0
avg accuracy for 109 runs = 0.9525190581727455

accuracy for run 110 = 0.9285714285714286
avg accuracy for 110 runs = 0.9523013524490972

accuracy for run 111 = 0.8888888888888888
avg accuracy for 111 runs = 0.9517300689935998

accuracy for run 112 = 1.0
avg accuracy for 112 runs = 0.9521610505204426

accuracy for run 113 = 0.9565217391304348
avg accuracy for 113 runs = 0.9521996406851329

accuracy for run 114 = 0.9714285714285714
avg accuracy for 114 runs = 0.9523683155162157

accuracy for run 115 = 1.0
avg accuracy for 115 runs = 0.9527825040769443

accuracy for run 116 = 0.9375
avg accuracy for 116 runs = 0.9526507583521431

accuracy for run 117 = 1.0
avg accuracy for 117 runs = 0.9530554527252016

accuracy for run 118 = 0.8888888888888888
avg accuracy for 118 runs = 0.9525116682859108

accuracy for run 119 = 1.0
avg accuracy for 119 runs = 0.9529107298969536

accuracy for run 120 = 1.0
avg accuracy for 120 runs = 0.9533031404811455

accuracy for run 121 = 0.8888888888888888
avg accuracy for 121 runs = 0.9527707912944327

accuracy for run 122 = 0.9574468085106383
avg accuracy for 122 runs = 0.9528091193044016

accuracy for run 123 = 0.9534883720930233
avg accuracy for 123 runs = 0.9528146416847968

accuracy for run 124 = 0.9090909090909091
avg accuracy for 124 runs = 0.9524620309380719

accuracy for run 125 = 1.0
avg accuracy for 125 runs = 0.9528423346905673

accuracy for run 126 = 0.9230769230769231
avg accuracy for 126 runs = 0.9526061012650622

accuracy for run 127 = 0.9512195121951219
avg accuracy for 127 runs = 0.9525951832408894

accuracy for run 128 = 1.0
avg accuracy for 128 runs = 0.9529655333718201

accuracy for run 129 = 0.9166666666666666
avg accuracy for 129 runs = 0.9526841468082142

accuracy for run 130 = 0.96
avg accuracy for 130 runs = 0.9527404226019972

accuracy for run 131 = 0.9166666666666666
avg accuracy for 131 runs = 0.9524650504192848

accuracy for run 132 = 1.0
avg accuracy for 132 runs = 0.9528251636736841

accuracy for run 133 = 1.0
avg accuracy for 133 runs = 0.9531798616911752

accuracy for run 134 = 1.0
avg accuracy for 134 runs = 0.9535292657084052

accuracy for run 135 = 0.9090909090909091
avg accuracy for 135 runs = 0.9532000926964237

accuracy for run 136 = 1.0
avg accuracy for 136 runs = 0.9535442096618914

accuracy for run 137 = 0.9259259259259259
avg accuracy for 137 runs = 0.95334261634995

accuracy for run 138 = 1.0
avg accuracy for 138 runs = 0.9536807133329214

accuracy for run 139 = 0.9743589743589743
avg accuracy for 139 runs = 0.9538294778007348

accuracy for run 140 = 0.9090909090909091
avg accuracy for 140 runs = 0.9535099165956645

accuracy for run 141 = 1.0
avg accuracy for 141 runs = 0.9538396334992414

accuracy for run 142 = 1.0
avg accuracy for 142 runs = 0.9541647065027679

accuracy for run 143 = 1.0
avg accuracy for 143 runs = 0.9544852330307205

accuracy for run 144 = 1.0
avg accuracy for 144 runs = 0.9548013078013405

accuracy for run 145 = 0.9772727272727273
avg accuracy for 145 runs = 0.9549562831080397

accuracy for run 146 = 0.875
avg accuracy for 146 runs = 0.9544086373333271

accuracy for run 147 = 0.9444444444444444
avg accuracy for 147 runs = 0.9543408537082325

accuracy for run 148 = 0.8666666666666667
avg accuracy for 148 runs = 0.9537484605525464

accuracy for run 149 = 0.9310344827586207
avg accuracy for 149 runs = 0.9535960177485602

accuracy for run 150 = 1.0
avg accuracy for 150 runs = 0.9539053776302364

accuracy for run 151 = 0.9473684210526315
avg accuracy for 151 runs = 0.9538620865270737

accuracy for run 152 = 0.9230769230769231
avg accuracy for 152 runs = 0.9536595525570067

accuracy for run 153 = 1.0
avg accuracy for 153 runs = 0.9539624312984643

accuracy for run 154 = 1.0
avg accuracy for 154 runs = 0.9542613765497729

accuracy for run 155 = 0.9736842105263158
avg accuracy for 155 runs = 0.9543866851560733

accuracy for run 156 = 1.0
avg accuracy for 156 runs = 0.9546790781999446

accuracy for run 157 = 1.0
avg accuracy for 157 runs = 0.9549677464916647

accuracy for run 158 = 0.9473684210526315
avg accuracy for 158 runs = 0.9549196494952151

accuracy for run 159 = 1.0
avg accuracy for 159 runs = 0.9552031737122264

accuracy for run 160 = 0.96875
avg accuracy for 160 runs = 0.9552878413765249

accuracy for run 161 = 0.9333333333333333
avg accuracy for 161 runs = 0.95515147797253

accuracy for run 162 = 0.9565217391304348
avg accuracy for 162 runs = 0.9551599363747393

accuracy for run 163 = 1.0
avg accuracy for 163 runs = 0.9554350287896182

accuracy for run 164 = 0.8666666666666667
avg accuracy for 164 runs = 0.9548937582888686

accuracy for run 165 = 1.0
avg accuracy for 165 runs = 0.9551671294507542

accuracy for run 166 = 0.9642857142857143
avg accuracy for 166 runs = 0.9552220606846996

accuracy for run 167 = 1.0
avg accuracy for 167 runs = 0.9554901920578451

accuracy for run 168 = 0.9230769230769231
avg accuracy for 168 runs = 0.9552972559329588

accuracy for run 169 = 1.0
avg accuracy for 169 runs = 0.955561769211462

accuracy for run 170 = 0.9777777777777777
avg accuracy for 170 runs = 0.9556924516147931

accuracy for run 171 = 0.9444444444444444
avg accuracy for 171 runs = 0.9556266737950835

accuracy for run 172 = 1.0
avg accuracy for 172 runs = 0.9558846582497633

accuracy for run 173 = 0.8421052631578947
avg accuracy for 173 runs = 0.9552269738850704

accuracy for run 174 = 0.782608695652174
avg accuracy for 174 runs = 0.9542349148147663

accuracy for run 175 = 1.0
avg accuracy for 175 runs = 0.9544964295872533

accuracy for run 176 = 0.95
avg accuracy for 176 runs = 0.9544708816918713

accuracy for run 177 = 0.926829268292683
avg accuracy for 177 runs = 0.9543147143845312

accuracy for run 178 = 0.9285714285714286
avg accuracy for 178 runs = 0.954170089183334

accuracy for run 179 = 1.0
avg accuracy for 179 runs = 0.9544261222046562

accuracy for run 180 = 1.0
avg accuracy for 180 runs = 0.9546793104146303

accuracy for run 181 = 1.0
avg accuracy for 181 runs = 0.9549297009648258

accuracy for run 182 = 0.9545454545454546
avg accuracy for 182 runs = 0.9549275897207632

accuracy for run 183 = 1.0
avg accuracy for 183 runs = 0.9551738870446934

accuracy for run 184 = 0.9090909090909091
avg accuracy for 184 runs = 0.9549234360775535

accuracy for run 185 = 1.0
avg accuracy for 185 runs = 0.955167093179837

accuracy for run 186 = 0.9545454545454546
avg accuracy for 186 runs = 0.9551637510366412

accuracy for run 187 = 0.9666666666666667
avg accuracy for 187 runs = 0.9552252639544491

accuracy for run 188 = 0.9545454545454546
avg accuracy for 188 runs = 0.9552216479469543

accuracy for run 189 = 1.0
avg accuracy for 189 runs = 0.9554585704445895

accuracy for run 190 = 1.0
avg accuracy for 190 runs = 0.9556929990211969

accuracy for run 191 = 0.96
avg accuracy for 191 runs = 0.9557155487645413

accuracy for run 192 = 1.0
avg accuracy for 192 runs = 0.9559461969480595

accuracy for run 193 = 1.0
avg accuracy for 193 runs = 0.9561744549949607

accuracy for run 194 = 0.9259259259259259
avg accuracy for 194 runs = 0.9560185347420275

accuracy for run 195 = 1.0
avg accuracy for 195 runs = 0.9562440807177094

accuracy for run 196 = 1.0
avg accuracy for 196 runs = 0.9564673252038436

accuracy for run 197 = 1.0
avg accuracy for 197 runs = 0.9566883032484941

accuracy for run 198 = 1.0
avg accuracy for 198 runs = 0.9569070491916836

accuracy for run 199 = 1.0
avg accuracy for 199 runs = 0.9571235966831826

accuracy for run 200 = 0.8846153846153846
avg accuracy for 200 runs = 0.9567610556228436

accuracy for run 201 = 1.0
avg accuracy for 201 runs = 0.9569761747490981

accuracy for run 202 = 0.9444444444444444
avg accuracy for 202 runs = 0.9569141364802632

accuracy for run 203 = 1.0
avg accuracy for 203 runs = 0.9571263821133654

accuracy for run 204 = 1.0
avg accuracy for 204 runs = 0.9573365469069274

accuracy for run 205 = 0.9555555555555556
avg accuracy for 205 runs = 0.9573278591442376

accuracy for run 206 = 0.9666666666666667
avg accuracy for 206 runs = 0.9573731931613368

accuracy for run 207 = 0.9574468085106383
avg accuracy for 207 runs = 0.9573735487910435

accuracy for run 208 = 1.0
avg accuracy for 208 runs = 0.9575784836526251

accuracy for run 209 = 0.9230769230769231
avg accuracy for 209 runs = 0.9574134044154208

accuracy for run 210 = 0.9487179487179487
avg accuracy for 210 runs = 0.957371997483528

accuracy for run 211 = 0.9444444444444444
avg accuracy for 211 runs = 0.9573107294596461

accuracy for run 212 = 1.0
avg accuracy for 212 runs = 0.957512093943327

accuracy for run 213 = 0.9487179487179487
avg accuracy for 213 runs = 0.9574708068765413

accuracy for run 214 = 0.9393939393939394
avg accuracy for 214 runs = 0.9573863355331645

accuracy for run 215 = 1.0
avg accuracy for 215 runs = 0.957584538623708

accuracy for run 216 = 0.9
avg accuracy for 216 runs = 0.9573179435374871

accuracy for run 217 = 0.9487179487179487
avg accuracy for 217 runs = 0.9572783122249546

accuracy for run 218 = 1.0
avg accuracy for 218 runs = 0.9574742832697943

accuracy for run 219 = 0.9166666666666666
avg accuracy for 219 runs = 0.9572879471209217

accuracy for run 220 = 1.0
avg accuracy for 220 runs = 0.9574820928158265

accuracy for run 221 = 1.0
avg accuracy for 221 runs = 0.9576744815361169

accuracy for run 222 = 0.96
avg accuracy for 222 runs = 0.9576849568445127

accuracy for run 223 = 1.0
avg accuracy for 223 runs = 0.9578747104012638

accuracy for run 224 = 0.9259259259259259
avg accuracy for 224 runs = 0.9577320818991418

accuracy for run 225 = 0.9411764705882353
avg accuracy for 225 runs = 0.9576585014044267

accuracy for run 226 = 0.9130434782608695
avg accuracy for 226 runs = 0.9574610897975968

accuracy for run 227 = 1.0
avg accuracy for 227 runs = 0.9576484858777836

accuracy for run 228 = 0.8333333333333334
avg accuracy for 228 runs = 0.9571032439806588

accuracy for run 229 = 0.96875
avg accuracy for 229 runs = 0.9571541031772499

accuracy for run 230 = 0.9615384615384616
avg accuracy for 230 runs = 0.9571731656049073

accuracy for run 231 = 0.9666666666666667
avg accuracy for 231 runs = 0.9572142630121011

accuracy for run 232 = 1.0
avg accuracy for 232 runs = 0.9573986842922213

accuracy for run 233 = 0.9090909090909091
avg accuracy for 233 runs = 0.9571913547849196

accuracy for run 234 = 1.0
avg accuracy for 234 runs = 0.9573742977131892

accuracy for run 235 = 0.92
avg accuracy for 235 runs = 0.9572152581484522

accuracy for run 236 = 0.92
avg accuracy for 236 runs = 0.9570575663766366

accuracy for run 237 = 0.9259259259259259
avg accuracy for 237 runs = 0.9569262092439332

accuracy for run 238 = 0.9523809523809523
avg accuracy for 238 runs = 0.9569071115260215

accuracy for run 239 = 0.9705882352941176
avg accuracy for 239 runs = 0.956964354721704

accuracy for run 240 = 1.0
avg accuracy for 240 runs = 0.9571436699103635

accuracy for run 241 = 1.0
avg accuracy for 241 runs = 0.9573214970061711

accuracy for run 242 = 1.0
avg accuracy for 242 runs = 0.9574978544565588

accuracy for run 243 = 0.9545454545454546
avg accuracy for 243 runs = 0.957485704662686

accuracy for run 244 = 0.9230769230769231
avg accuracy for 244 runs = 0.957344685066023

accuracy for run 245 = 1.0
avg accuracy for 245 runs = 0.9575187883922841

accuracy for run 246 = 1.0
avg accuracy for 246 runs = 0.957691476244348

accuracy for run 247 = 0.9166666666666666
avg accuracy for 247 runs = 0.9575253838978797

accuracy for run 248 = 0.9354838709677419
avg accuracy for 248 runs = 0.957436506829613

accuracy for run 249 = 0.90625
avg accuracy for 249 runs = 0.9572309385290925

accuracy for run 250 = 1.0
avg accuracy for 250 runs = 0.9574020147749761

ACCURACY FOR LEAVE-ONE-OUT MODEL 2 = 0.9574020147749761
MODEL 1 TRAINING ON FILE train1.wtag TOOK 8935.327803850174 SECS
MODEL 1 INFERENCE ON train1.wtag TOOK 14475.540525197983 SECS
ACCURACY FOR MODEL 1 TRAINED ON train1.wtag AND INFERENCE ON train1.wtag = 0.9878422197594713
MODEL 1 INFERENCE ON test1.wtag TOOK 2732.421844959259 SECS
ACCURACY FOR MODEL 1 TRAINED ON train1.wtag AND INFERENCE ON test1.wtag = 0.9577595674579708
CONF MATRIX DICT FOR MODEL 1 TRAINED ON train1.wtag AND INFERENCE ON test1.wtag =
{('#', '#'): 7, ('#', '$'): 0, ('#', "''"): 0, ('#', ','): 0, ('#', '-LRB-'): 0, ('#', '-RRB-'): 0, ('#', '.'): 0, ('#', ':'): 0, ('#', 'CC'): 0, ('#', 'CD'): 0, ('#', 'DT'): 0, ('#', 'EX'): 0, ('#', 'FW'): 0, ('#', 'IN'): 0, ('#', 'JJ'): 0, ('#', 'JJR'): 0, ('#', 'JJS'): 0, ('#', 'MD'): 0, ('#', 'NN'): 1, ('#', 'NNP'): 0, ('#', 'NNPS'): 0, ('#', 'NNS'): 0, ('#', 'PDT'): 0, ('#', 'POS'): 0, ('#', 'PRP'): 0, ('#', 'PRP$'): 0, ('#', 'RB'): 0, ('#', 'RBR'): 0, ('#', 'RBS'): 0, ('#', 'RP'): 0, ('#', 'SYM'): 0, ('#', 'TO'): 0, ('#', 'UH'): 0, ('#', 'VB'): 0, ('#', 'VBD'): 0, ('#', 'VBG'): 0, ('#', 'VBN'): 0, ('#', 'VBP'): 0, ('#', 'VBZ'): 0, ('#', 'WDT'): 0, ('#', 'WP'): 0, ('#', 'WP$'): 0, ('#', 'WRB'): 0, ('#', '``'): 0, ('$', '#'): 0, ('$', '$'): 210, ('$', "''"): 0, ('$', ','): 0, ('$', '-LRB-'): 0, ('$', '-RRB-'): 0, ('$', '.'): 0, ('$', ':'): 0, ('$', 'CC'): 0, ('$', 'CD'): 0, ('$', 'DT'): 0, ('$', 'EX'): 0, ('$', 'FW'): 0, ('$', 'IN'): 0, ('$', 'JJ'): 0, ('$', 'JJR'): 0, ('$', 'JJS'): 0, ('$', 'MD'): 0, ('$', 'NN'): 0, ('$', 'NNP'): 0, ('$', 'NNPS'): 0, ('$', 'NNS'): 0, ('$', 'PDT'): 0, ('$', 'POS'): 0, ('$', 'PRP'): 0, ('$', 'PRP$'): 0, ('$', 'RB'): 0, ('$', 'RBR'): 0, ('$', 'RBS'): 0, ('$', 'RP'): 0, ('$', 'SYM'): 0, ('$', 'TO'): 0, ('$', 'UH'): 0, ('$', 'VB'): 0, ('$', 'VBD'): 0, ('$', 'VBG'): 0, ('$', 'VBN'): 0, ('$', 'VBP'): 0, ('$', 'VBZ'): 0, ('$', 'WDT'): 0, ('$', 'WP'): 0, ('$', 'WP$'): 0, ('$', 'WRB'): 0, ('$', '``'): 0, ("''", '#'): 0, ("''", '$'): 0, ("''", "''"): 146, ("''", ','): 0, ("''", '-LRB-'): 0, ("''", '-RRB-'): 0, ("''", '.'): 0, ("''", ':'): 0, ("''", 'CC'): 0, ("''", 'CD'): 0, ("''", 'DT'): 0, ("''", 'EX'): 0, ("''", 'FW'): 0, ("''", 'IN'): 0, ("''", 'JJ'): 0, ("''", 'JJR'): 0, ("''", 'JJS'): 0, ("''", 'MD'): 0, ("''", 'NN'): 0, ("''", 'NNP'): 0, ("''", 'NNPS'): 0, ("''", 'NNS'): 0, ("''", 'PDT'): 0, ("''", 'POS'): 1, ("''", 'PRP'): 0, ("''", 'PRP$'): 0, ("''", 'RB'): 0, ("''", 'RBR'): 0, ("''", 'RBS'): 0, ("''", 'RP'): 0, ("''", 'SYM'): 0, ("''", 'TO'): 0, ("''", 'UH'): 0, ("''", 'VB'): 0, ("''", 'VBD'): 0, ("''", 'VBG'): 0, ("''", 'VBN'): 0, ("''", 'VBP'): 0, ("''", 'VBZ'): 0, ("''", 'WDT'): 0, ("''", 'WP'): 0, ("''", 'WP$'): 0, ("''", 'WRB'): 0, ("''", '``'): 0, (',', '#'): 0, (',', '$'): 0, (',', "''"): 0, (',', ','): 1273, (',', '-LRB-'): 0, (',', '-RRB-'): 0, (',', '.'): 0, (',', ':'): 0, (',', 'CC'): 0, (',', 'CD'): 0, (',', 'DT'): 0, (',', 'EX'): 0, (',', 'FW'): 0, (',', 'IN'): 0, (',', 'JJ'): 0, (',', 'JJR'): 0, (',', 'JJS'): 0, (',', 'MD'): 0, (',', 'NN'): 0, (',', 'NNP'): 0, (',', 'NNPS'): 0, (',', 'NNS'): 0, (',', 'PDT'): 0, (',', 'POS'): 0, (',', 'PRP'): 0, (',', 'PRP$'): 0, (',', 'RB'): 0, (',', 'RBR'): 0, (',', 'RBS'): 0, (',', 'RP'): 0, (',', 'SYM'): 0, (',', 'TO'): 0, (',', 'UH'): 0, (',', 'VB'): 0, (',', 'VBD'): 0, (',', 'VBG'): 0, (',', 'VBN'): 0, (',', 'VBP'): 0, (',', 'VBZ'): 0, (',', 'WDT'): 0, (',', 'WP'): 0, (',', 'WP$'): 0, (',', 'WRB'): 0, (',', '``'): 0, ('-LRB-', '#'): 0, ('-LRB-', '$'): 0, ('-LRB-', "''"): 0, ('-LRB-', ','): 0, ('-LRB-', '-LRB-'): 35, ('-LRB-', '-RRB-'): 0, ('-LRB-', '.'): 0, ('-LRB-', ':'): 0, ('-LRB-', 'CC'): 0, ('-LRB-', 'CD'): 0, ('-LRB-', 'DT'): 0, ('-LRB-', 'EX'): 0, ('-LRB-', 'FW'): 0, ('-LRB-', 'IN'): 0, ('-LRB-', 'JJ'): 0, ('-LRB-', 'JJR'): 0, ('-LRB-', 'JJS'): 0, ('-LRB-', 'MD'): 0, ('-LRB-', 'NN'): 0, ('-LRB-', 'NNP'): 0, ('-LRB-', 'NNPS'): 0, ('-LRB-', 'NNS'): 0, ('-LRB-', 'PDT'): 0, ('-LRB-', 'POS'): 0, ('-LRB-', 'PRP'): 0, ('-LRB-', 'PRP$'): 0, ('-LRB-', 'RB'): 0, ('-LRB-', 'RBR'): 0, ('-LRB-', 'RBS'): 0, ('-LRB-', 'RP'): 0, ('-LRB-', 'SYM'): 0, ('-LRB-', 'TO'): 0, ('-LRB-', 'UH'): 0, ('-LRB-', 'VB'): 0, ('-LRB-', 'VBD'): 0, ('-LRB-', 'VBG'): 0, ('-LRB-', 'VBN'): 0, ('-LRB-', 'VBP'): 0, ('-LRB-', 'VBZ'): 0, ('-LRB-', 'WDT'): 0, ('-LRB-', 'WP'): 0, ('-LRB-', 'WP$'): 0, ('-LRB-', 'WRB'): 0, ('-LRB-', '``'): 0, ('-RRB-', '#'): 0, ('-RRB-', '$'): 0, ('-RRB-', "''"): 0, ('-RRB-', ','): 0, ('-RRB-', '-LRB-'): 0, ('-RRB-', '-RRB-'): 35, ('-RRB-', '.'): 0, ('-RRB-', ':'): 0, ('-RRB-', 'CC'): 0, ('-RRB-', 'CD'): 0, ('-RRB-', 'DT'): 0, ('-RRB-', 'EX'): 0, ('-RRB-', 'FW'): 0, ('-RRB-', 'IN'): 0, ('-RRB-', 'JJ'): 0, ('-RRB-', 'JJR'): 0, ('-RRB-', 'JJS'): 0, ('-RRB-', 'MD'): 0, ('-RRB-', 'NN'): 0, ('-RRB-', 'NNP'): 0, ('-RRB-', 'NNPS'): 0, ('-RRB-', 'NNS'): 0, ('-RRB-', 'PDT'): 0, ('-RRB-', 'POS'): 0, ('-RRB-', 'PRP'): 0, ('-RRB-', 'PRP$'): 0, ('-RRB-', 'RB'): 0, ('-RRB-', 'RBR'): 0, ('-RRB-', 'RBS'): 0, ('-RRB-', 'RP'): 0, ('-RRB-', 'SYM'): 0, ('-RRB-', 'TO'): 0, ('-RRB-', 'UH'): 0, ('-RRB-', 'VB'): 0, ('-RRB-', 'VBD'): 0, ('-RRB-', 'VBG'): 0, ('-RRB-', 'VBN'): 0, ('-RRB-', 'VBP'): 0, ('-RRB-', 'VBZ'): 0, ('-RRB-', 'WDT'): 0, ('-RRB-', 'WP'): 0, ('-RRB-', 'WP$'): 0, ('-RRB-', 'WRB'): 0, ('-RRB-', '``'): 0, ('.', '#'): 0, ('.', '$'): 0, ('.', "''"): 0, ('.', ','): 0, ('.', '-LRB-'): 0, ('.', '-RRB-'): 0, ('.', '.'): 1004, ('.', ':'): 0, ('.', 'CC'): 0, ('.', 'CD'): 0, ('.', 'DT'): 0, ('.', 'EX'): 0, ('.', 'FW'): 0, ('.', 'IN'): 0, ('.', 'JJ'): 0, ('.', 'JJR'): 0, ('.', 'JJS'): 0, ('.', 'MD'): 0, ('.', 'NN'): 0, ('.', 'NNP'): 0, ('.', 'NNPS'): 0, ('.', 'NNS'): 0, ('.', 'PDT'): 0, ('.', 'POS'): 0, ('.', 'PRP'): 0, ('.', 'PRP$'): 0, ('.', 'RB'): 0, ('.', 'RBR'): 0, ('.', 'RBS'): 0, ('.', 'RP'): 0, ('.', 'SYM'): 0, ('.', 'TO'): 0, ('.', 'UH'): 0, ('.', 'VB'): 0, ('.', 'VBD'): 0, ('.', 'VBG'): 0, ('.', 'VBN'): 0, ('.', 'VBP'): 0, ('.', 'VBZ'): 0, ('.', 'WDT'): 0, ('.', 'WP'): 0, ('.', 'WP$'): 0, ('.', 'WRB'): 0, ('.', '``'): 0, (':', '#'): 0, (':', '$'): 0, (':', "''"): 0, (':', ','): 0, (':', '-LRB-'): 0, (':', '-RRB-'): 0, (':', '.'): 0, (':', ':'): 115, (':', 'CC'): 0, (':', 'CD'): 0, (':', 'DT'): 0, (':', 'EX'): 0, (':', 'FW'): 0, (':', 'IN'): 0, (':', 'JJ'): 0, (':', 'JJR'): 0, (':', 'JJS'): 0, (':', 'MD'): 0, (':', 'NN'): 0, (':', 'NNP'): 0, (':', 'NNPS'): 0, (':', 'NNS'): 0, (':', 'PDT'): 0, (':', 'POS'): 0, (':', 'PRP'): 0, (':', 'PRP$'): 0, (':', 'RB'): 0, (':', 'RBR'): 0, (':', 'RBS'): 0, (':', 'RP'): 0, (':', 'SYM'): 0, (':', 'TO'): 0, (':', 'UH'): 0, (':', 'VB'): 0, (':', 'VBD'): 0, (':', 'VBG'): 0, (':', 'VBN'): 0, (':', 'VBP'): 0, (':', 'VBZ'): 0, (':', 'WDT'): 0, (':', 'WP'): 0, (':', 'WP$'): 0, (':', 'WRB'): 0, (':', '``'): 0, ('CC', '#'): 0, ('CC', '$'): 0, ('CC', "''"): 0, ('CC', ','): 0, ('CC', '-LRB-'): 0, ('CC', '-RRB-'): 0, ('CC', '.'): 0, ('CC', ':'): 0, ('CC', 'CC'): 546, ('CC', 'CD'): 0, ('CC', 'DT'): 0, ('CC', 'EX'): 0, ('CC', 'FW'): 0, ('CC', 'IN'): 0, ('CC', 'JJ'): 0, ('CC', 'JJR'): 0, ('CC', 'JJS'): 0, ('CC', 'MD'): 0, ('CC', 'NN'): 0, ('CC', 'NNP'): 0, ('CC', 'NNPS'): 0, ('CC', 'NNS'): 0, ('CC', 'PDT'): 0, ('CC', 'POS'): 0, ('CC', 'PRP'): 0, ('CC', 'PRP$'): 0, ('CC', 'RB'): 0, ('CC', 'RBR'): 0, ('CC', 'RBS'): 0, ('CC', 'RP'): 0, ('CC', 'SYM'): 0, ('CC', 'TO'): 0, ('CC', 'UH'): 0, ('CC', 'VB'): 0, ('CC', 'VBD'): 0, ('CC', 'VBG'): 0, ('CC', 'VBN'): 0, ('CC', 'VBP'): 0, ('CC', 'VBZ'): 0, ('CC', 'WDT'): 0, ('CC', 'WP'): 0, ('CC', 'WP$'): 0, ('CC', 'WRB'): 0, ('CC', '``'): 0, ('CD', '#'): 0, ('CD', '$'): 0, ('CD', "''"): 0, ('CD', ','): 0, ('CD', '-LRB-'): 0, ('CD', '-RRB-'): 0, ('CD', '.'): 0, ('CD', ':'): 0, ('CD', 'CC'): 0, ('CD', 'CD'): 949, ('CD', 'DT'): 0, ('CD', 'EX'): 0, ('CD', 'FW'): 0, ('CD', 'IN'): 0, ('CD', 'JJ'): 0, ('CD', 'JJR'): 0, ('CD', 'JJS'): 0, ('CD', 'MD'): 0, ('CD', 'NN'): 1, ('CD', 'NNP'): 1, ('CD', 'NNPS'): 0, ('CD', 'NNS'): 0, ('CD', 'PDT'): 0, ('CD', 'POS'): 0, ('CD', 'PRP'): 0, ('CD', 'PRP$'): 0, ('CD', 'RB'): 0, ('CD', 'RBR'): 0, ('CD', 'RBS'): 0, ('CD', 'RP'): 0, ('CD', 'SYM'): 0, ('CD', 'TO'): 0, ('CD', 'UH'): 0, ('CD', 'VB'): 0, ('CD', 'VBD'): 0, ('CD', 'VBG'): 0, ('CD', 'VBN'): 2, ('CD', 'VBP'): 0, ('CD', 'VBZ'): 0, ('CD', 'WDT'): 0, ('CD', 'WP'): 0, ('CD', 'WP$'): 0, ('CD', 'WRB'): 0, ('CD', '``'): 0, ('DT', '#'): 0, ('DT', '$'): 0, ('DT', "''"): 0, ('DT', ','): 0, ('DT', '-LRB-'): 0, ('DT', '-RRB-'): 0, ('DT', '.'): 0, ('DT', ':'): 0, ('DT', 'CC'): 1, ('DT', 'CD'): 0, ('DT', 'DT'): 1966, ('DT', 'EX'): 0, ('DT', 'FW'): 0, ('DT', 'IN'): 14, ('DT', 'JJ'): 0, ('DT', 'JJR'): 0, ('DT', 'JJS'): 0, ('DT', 'MD'): 0, ('DT', 'NN'): 2, ('DT', 'NNP'): 0, ('DT', 'NNPS'): 0, ('DT', 'NNS'): 0, ('DT', 'PDT'): 0, ('DT', 'POS'): 0, ('DT', 'PRP'): 0, ('DT', 'PRP$'): 0, ('DT', 'RB'): 0, ('DT', 'RBR'): 0, ('DT', 'RBS'): 0, ('DT', 'RP'): 0, ('DT', 'SYM'): 0, ('DT', 'TO'): 0, ('DT', 'UH'): 0, ('DT', 'VB'): 0, ('DT', 'VBD'): 0, ('DT', 'VBG'): 0, ('DT', 'VBN'): 0, ('DT', 'VBP'): 0, ('DT', 'VBZ'): 0, ('DT', 'WDT'): 2, ('DT', 'WP'): 0, ('DT', 'WP$'): 0, ('DT', 'WRB'): 0, ('DT', '``'): 0, ('EX', '#'): 0, ('EX', '$'): 0, ('EX', "''"): 0, ('EX', ','): 0, ('EX', '-LRB-'): 0, ('EX', '-RRB-'): 0, ('EX', '.'): 0, ('EX', ':'): 0, ('EX', 'CC'): 0, ('EX', 'CD'): 0, ('EX', 'DT'): 0, ('EX', 'EX'): 24, ('EX', 'FW'): 0, ('EX', 'IN'): 0, ('EX', 'JJ'): 0, ('EX', 'JJR'): 0, ('EX', 'JJS'): 0, ('EX', 'MD'): 0, ('EX', 'NN'): 0, ('EX', 'NNP'): 0, ('EX', 'NNPS'): 0, ('EX', 'NNS'): 0, ('EX', 'PDT'): 0, ('EX', 'POS'): 0, ('EX', 'PRP'): 0, ('EX', 'PRP$'): 0, ('EX', 'RB'): 0, ('EX', 'RBR'): 0, ('EX', 'RBS'): 0, ('EX', 'RP'): 0, ('EX', 'SYM'): 0, ('EX', 'TO'): 0, ('EX', 'UH'): 0, ('EX', 'VB'): 0, ('EX', 'VBD'): 0, ('EX', 'VBG'): 0, ('EX', 'VBN'): 0, ('EX', 'VBP'): 0, ('EX', 'VBZ'): 0, ('EX', 'WDT'): 0, ('EX', 'WP'): 0, ('EX', 'WP$'): 0, ('EX', 'WRB'): 0, ('EX', '``'): 0, ('FW', '#'): 0, ('FW', '$'): 0, ('FW', "''"): 0, ('FW', ','): 0, ('FW', '-LRB-'): 0, ('FW', '-RRB-'): 0, ('FW', '.'): 0, ('FW', ':'): 0, ('FW', 'CC'): 0, ('FW', 'CD'): 0, ('FW', 'DT'): 0, ('FW', 'EX'): 0, ('FW', 'FW'): 0, ('FW', 'IN'): 0, ('FW', 'JJ'): 0, ('FW', 'JJR'): 0, ('FW', 'JJS'): 0, ('FW', 'MD'): 0, ('FW', 'NN'): 3, ('FW', 'NNP'): 0, ('FW', 'NNPS'): 0, ('FW', 'NNS'): 0, ('FW', 'PDT'): 0, ('FW', 'POS'): 0, ('FW', 'PRP'): 0, ('FW', 'PRP$'): 0, ('FW', 'RB'): 0, ('FW', 'RBR'): 0, ('FW', 'RBS'): 0, ('FW', 'RP'): 0, ('FW', 'SYM'): 0, ('FW', 'TO'): 0, ('FW', 'UH'): 0, ('FW', 'VB'): 0, ('FW', 'VBD'): 0, ('FW', 'VBG'): 0, ('FW', 'VBN'): 0, ('FW', 'VBP'): 0, ('FW', 'VBZ'): 0, ('FW', 'WDT'): 0, ('FW', 'WP'): 0, ('FW', 'WP$'): 0, ('FW', 'WRB'): 0, ('FW', '``'): 0, ('IN', '#'): 0, ('IN', '$'): 0, ('IN', "''"): 0, ('IN', ','): 0, ('IN', '-LRB-'): 0, ('IN', '-RRB-'): 0, ('IN', '.'): 0, ('IN', ':'): 0, ('IN', 'CC'): 0, ('IN', 'CD'): 0, ('IN', 'DT'): 4, ('IN', 'EX'): 0, ('IN', 'FW'): 0, ('IN', 'IN'): 2481, ('IN', 'JJ'): 1, ('IN', 'JJR'): 0, ('IN', 'JJS'): 0, ('IN', 'MD'): 0, ('IN', 'NN'): 2, ('IN', 'NNP'): 5, ('IN', 'NNPS'): 0, ('IN', 'NNS'): 0, ('IN', 'PDT'): 0, ('IN', 'POS'): 0, ('IN', 'PRP'): 0, ('IN', 'PRP$'): 0, ('IN', 'RB'): 49, ('IN', 'RBR'): 0, ('IN', 'RBS'): 0, ('IN', 'RP'): 7, ('IN', 'SYM'): 0, ('IN', 'TO'): 0, ('IN', 'UH'): 0, ('IN', 'VB'): 0, ('IN', 'VBD'): 0, ('IN', 'VBG'): 1, ('IN', 'VBN'): 0, ('IN', 'VBP'): 0, ('IN', 'VBZ'): 0, ('IN', 'WDT'): 10, ('IN', 'WP'): 0, ('IN', 'WP$'): 0, ('IN', 'WRB'): 0, ('IN', '``'): 0, ('JJ', '#'): 0, ('JJ', '$'): 0, ('JJ', "''"): 0, ('JJ', ','): 0, ('JJ', '-LRB-'): 0, ('JJ', '-RRB-'): 0, ('JJ', '.'): 0, ('JJ', ':'): 0, ('JJ', 'CC'): 0, ('JJ', 'CD'): 1, ('JJ', 'DT'): 0, ('JJ', 'EX'): 0, ('JJ', 'FW'): 0, ('JJ', 'IN'): 1, ('JJ', 'JJ'): 1341, ('JJ', 'JJR'): 0, ('JJ', 'JJS'): 1, ('JJ', 'MD'): 1, ('JJ', 'NN'): 74, ('JJ', 'NNP'): 13, ('JJ', 'NNPS'): 0, ('JJ', 'NNS'): 2, ('JJ', 'PDT'): 0, ('JJ', 'POS'): 0, ('JJ', 'PRP'): 0, ('JJ', 'PRP$'): 0, ('JJ', 'RB'): 11, ('JJ', 'RBR'): 0, ('JJ', 'RBS'): 0, ('JJ', 'RP'): 0, ('JJ', 'SYM'): 0, ('JJ', 'TO'): 0, ('JJ', 'UH'): 0, ('JJ', 'VB'): 6, ('JJ', 'VBD'): 6, ('JJ', 'VBG'): 7, ('JJ', 'VBN'): 31, ('JJ', 'VBP'): 1, ('JJ', 'VBZ'): 0, ('JJ', 'WDT'): 0, ('JJ', 'WP'): 0, ('JJ', 'WP$'): 0, ('JJ', 'WRB'): 1, ('JJ', '``'): 0, ('JJR', '#'): 0, ('JJR', '$'): 0, ('JJR', "''"): 0, ('JJR', ','): 0, ('JJR', '-LRB-'): 0, ('JJR', '-RRB-'): 0, ('JJR', '.'): 0, ('JJR', ':'): 0, ('JJR', 'CC'): 0, ('JJR', 'CD'): 0, ('JJR', 'DT'): 0, ('JJR', 'EX'): 0, ('JJR', 'FW'): 0, ('JJR', 'IN'): 0, ('JJR', 'JJ'): 2, ('JJR', 'JJR'): 79, ('JJR', 'JJS'): 0, ('JJR', 'MD'): 0, ('JJR', 'NN'): 5, ('JJR', 'NNP'): 0, ('JJR', 'NNPS'): 0, ('JJR', 'NNS'): 0, ('JJR', 'PDT'): 0, ('JJR', 'POS'): 0, ('JJR', 'PRP'): 0, ('JJR', 'PRP$'): 0, ('JJR', 'RB'): 1, ('JJR', 'RBR'): 13, ('JJR', 'RBS'): 0, ('JJR', 'RP'): 0, ('JJR', 'SYM'): 0, ('JJR', 'TO'): 0, ('JJR', 'UH'): 0, ('JJR', 'VB'): 0, ('JJR', 'VBD'): 0, ('JJR', 'VBG'): 0, ('JJR', 'VBN'): 0, ('JJR', 'VBP'): 0, ('JJR', 'VBZ'): 0, ('JJR', 'WDT'): 0, ('JJR', 'WP'): 0, ('JJR', 'WP$'): 0, ('JJR', 'WRB'): 0, ('JJR', '``'): 0, ('JJS', '#'): 0, ('JJS', '$'): 0, ('JJS', "''"): 0, ('JJS', ','): 0, ('JJS', '-LRB-'): 0, ('JJS', '-RRB-'): 0, ('JJS', '.'): 0, ('JJS', ':'): 0, ('JJS', 'CC'): 0, ('JJS', 'CD'): 0, ('JJS', 'DT'): 0, ('JJS', 'EX'): 0, ('JJS', 'FW'): 0, ('JJS', 'IN'): 0, ('JJS', 'JJ'): 0, ('JJS', 'JJR'): 0, ('JJS', 'JJS'): 58, ('JJS', 'MD'): 0, ('JJS', 'NN'): 1, ('JJS', 'NNP'): 0, ('JJS', 'NNPS'): 0, ('JJS', 'NNS'): 0, ('JJS', 'PDT'): 0, ('JJS', 'POS'): 0, ('JJS', 'PRP'): 0, ('JJS', 'PRP$'): 0, ('JJS', 'RB'): 0, ('JJS', 'RBR'): 0, ('JJS', 'RBS'): 5, ('JJS', 'RP'): 0, ('JJS', 'SYM'): 0, ('JJS', 'TO'): 0, ('JJS', 'UH'): 0, ('JJS', 'VB'): 0, ('JJS', 'VBD'): 0, ('JJS', 'VBG'): 0, ('JJS', 'VBN'): 0, ('JJS', 'VBP'): 0, ('JJS', 'VBZ'): 0, ('JJS', 'WDT'): 0, ('JJS', 'WP'): 0, ('JJS', 'WP$'): 0, ('JJS', 'WRB'): 0, ('JJS', '``'): 0, ('MD', '#'): 0, ('MD', '$'): 0, ('MD', "''"): 0, ('MD', ','): 0, ('MD', '-LRB-'): 0, ('MD', '-RRB-'): 0, ('MD', '.'): 0, ('MD', ':'): 0, ('MD', 'CC'): 0, ('MD', 'CD'): 0, ('MD', 'DT'): 0, ('MD', 'EX'): 0, ('MD', 'FW'): 0, ('MD', 'IN'): 0, ('MD', 'JJ'): 0, ('MD', 'JJR'): 0, ('MD', 'JJS'): 0, ('MD', 'MD'): 238, ('MD', 'NN'): 0, ('MD', 'NNP'): 0, ('MD', 'NNPS'): 0, ('MD', 'NNS'): 0, ('MD', 'PDT'): 0, ('MD', 'POS'): 0, ('MD', 'PRP'): 0, ('MD', 'PRP$'): 0, ('MD', 'RB'): 0, ('MD', 'RBR'): 0, ('MD', 'RBS'): 0, ('MD', 'RP'): 0, ('MD', 'SYM'): 0, ('MD', 'TO'): 0, ('MD', 'UH'): 0, ('MD', 'VB'): 0, ('MD', 'VBD'): 0, ('MD', 'VBG'): 0, ('MD', 'VBN'): 0, ('MD', 'VBP'): 1, ('MD', 'VBZ'): 0, ('MD', 'WDT'): 0, ('MD', 'WP'): 0, ('MD', 'WP$'): 0, ('MD', 'WRB'): 0, ('MD', '``'): 0, ('NN', '#'): 0, ('NN', '$'): 1, ('NN', "''"): 0, ('NN', ','): 0, ('NN', '-LRB-'): 0, ('NN', '-RRB-'): 0, ('NN', '.'): 0, ('NN', ':'): 0, ('NN', 'CC'): 1, ('NN', 'CD'): 4, ('NN', 'DT'): 1, ('NN', 'EX'): 0, ('NN', 'FW'): 0, ('NN', 'IN'): 0, ('NN', 'JJ'): 79, ('NN', 'JJR'): 1, ('NN', 'JJS'): 0, ('NN', 'MD'): 1, ('NN', 'NN'): 3154, ('NN', 'NNP'): 28, ('NN', 'NNPS'): 0, ('NN', 'NNS'): 37, ('NN', 'PDT'): 0, ('NN', 'POS'): 0, ('NN', 'PRP'): 0, ('NN', 'PRP$'): 1, ('NN', 'RB'): 12, ('NN', 'RBR'): 1, ('NN', 'RBS'): 0, ('NN', 'RP'): 1, ('NN', 'SYM'): 0, ('NN', 'TO'): 0, ('NN', 'UH'): 0, ('NN', 'VB'): 11, ('NN', 'VBD'): 3, ('NN', 'VBG'): 33, ('NN', 'VBN'): 1, ('NN', 'VBP'): 2, ('NN', 'VBZ'): 0, ('NN', 'WDT'): 0, ('NN', 'WP'): 0, ('NN', 'WP$'): 0, ('NN', 'WRB'): 0, ('NN', '``'): 0, ('NNP', '#'): 0, ('NNP', '$'): 0, ('NNP', "''"): 0, ('NNP', ','): 0, ('NNP', '-LRB-'): 0, ('NNP', '-RRB-'): 0, ('NNP', '.'): 0, ('NNP', ':'): 0, ('NNP', 'CC'): 0, ('NNP', 'CD'): 1, ('NNP', 'DT'): 1, ('NNP', 'EX'): 0, ('NNP', 'FW'): 0, ('NNP', 'IN'): 0, ('NNP', 'JJ'): 27, ('NNP', 'JJR'): 0, ('NNP', 'JJS'): 1, ('NNP', 'MD'): 0, ('NNP', 'NN'): 19, ('NNP', 'NNP'): 1907, ('NNP', 'NNPS'): 23, ('NNP', 'NNS'): 5, ('NNP', 'PDT'): 0, ('NNP', 'POS'): 0, ('NNP', 'PRP'): 0, ('NNP', 'PRP$'): 0, ('NNP', 'RB'): 0, ('NNP', 'RBR'): 0, ('NNP', 'RBS'): 0, ('NNP', 'RP'): 0, ('NNP', 'SYM'): 0, ('NNP', 'TO'): 0, ('NNP', 'UH'): 1, ('NNP', 'VB'): 0, ('NNP', 'VBD'): 0, ('NNP', 'VBG'): 0, ('NNP', 'VBN'): 0, ('NNP', 'VBP'): 1, ('NNP', 'VBZ'): 0, ('NNP', 'WDT'): 0, ('NNP', 'WP'): 0, ('NNP', 'WP$'): 0, ('NNP', 'WRB'): 0, ('NNP', '``'): 0, ('NNPS', '#'): 0, ('NNPS', '$'): 0, ('NNPS', "''"): 0, ('NNPS', ','): 0, ('NNPS', '-LRB-'): 0, ('NNPS', '-RRB-'): 0, ('NNPS', '.'): 0, ('NNPS', ':'): 0, ('NNPS', 'CC'): 0, ('NNPS', 'CD'): 0, ('NNPS', 'DT'): 0, ('NNPS', 'EX'): 0, ('NNPS', 'FW'): 0, ('NNPS', 'IN'): 0, ('NNPS', 'JJ'): 4, ('NNPS', 'JJR'): 0, ('NNPS', 'JJS'): 0, ('NNPS', 'MD'): 0, ('NNPS', 'NN'): 0, ('NNPS', 'NNP'): 25, ('NNPS', 'NNPS'): 33, ('NNPS', 'NNS'): 21, ('NNPS', 'PDT'): 0, ('NNPS', 'POS'): 0, ('NNPS', 'PRP'): 0, ('NNPS', 'PRP$'): 0, ('NNPS', 'RB'): 0, ('NNPS', 'RBR'): 0, ('NNPS', 'RBS'): 0, ('NNPS', 'RP'): 0, ('NNPS', 'SYM'): 0, ('NNPS', 'TO'): 0, ('NNPS', 'UH'): 0, ('NNPS', 'VB'): 0, ('NNPS', 'VBD'): 0, ('NNPS', 'VBG'): 0, ('NNPS', 'VBN'): 0, ('NNPS', 'VBP'): 0, ('NNPS', 'VBZ'): 0, ('NNPS', 'WDT'): 0, ('NNPS', 'WP'): 0, ('NNPS', 'WP$'): 0, ('NNPS', 'WRB'): 0, ('NNPS', '``'): 0, ('NNS', '#'): 0, ('NNS', '$'): 0, ('NNS', "''"): 0, ('NNS', ','): 0, ('NNS', '-LRB-'): 0, ('NNS', '-RRB-'): 0, ('NNS', '.'): 0, ('NNS', ':'): 0, ('NNS', 'CC'): 0, ('NNS', 'CD'): 1, ('NNS', 'DT'): 0, ('NNS', 'EX'): 0, ('NNS', 'FW'): 0, ('NNS', 'IN'): 0, ('NNS', 'JJ'): 0, ('NNS', 'JJR'): 0, ('NNS', 'JJS'): 0, ('NNS', 'MD'): 0, ('NNS', 'NN'): 1, ('NNS', 'NNP'): 2, ('NNS', 'NNPS'): 1, ('NNS', 'NNS'): 1445, ('NNS', 'PDT'): 0, ('NNS', 'POS'): 0, ('NNS', 'PRP'): 0, ('NNS', 'PRP$'): 0, ('NNS', 'RB'): 0, ('NNS', 'RBR'): 0, ('NNS', 'RBS'): 0, ('NNS', 'RP'): 0, ('NNS', 'SYM'): 0, ('NNS', 'TO'): 0, ('NNS', 'UH'): 0, ('NNS', 'VB'): 0, ('NNS', 'VBD'): 0, ('NNS', 'VBG'): 0, ('NNS', 'VBN'): 0, ('NNS', 'VBP'): 0, ('NNS', 'VBZ'): 11, ('NNS', 'WDT'): 0, ('NNS', 'WP'): 0, ('NNS', 'WP$'): 0, ('NNS', 'WRB'): 0, ('NNS', '``'): 0, ('PDT', '#'): 0, ('PDT', '$'): 0, ('PDT', "''"): 0, ('PDT', ','): 0, ('PDT', '-LRB-'): 0, ('PDT', '-RRB-'): 0, ('PDT', '.'): 0, ('PDT', ':'): 0, ('PDT', 'CC'): 1, ('PDT', 'CD'): 0, ('PDT', 'DT'): 4, ('PDT', 'EX'): 0, ('PDT', 'FW'): 0, ('PDT', 'IN'): 0, ('PDT', 'JJ'): 0, ('PDT', 'JJR'): 0, ('PDT', 'JJS'): 0, ('PDT', 'MD'): 0, ('PDT', 'NN'): 1, ('PDT', 'NNP'): 0, ('PDT', 'NNPS'): 0, ('PDT', 'NNS'): 0, ('PDT', 'PDT'): 5, ('PDT', 'POS'): 0, ('PDT', 'PRP'): 0, ('PDT', 'PRP$'): 0, ('PDT', 'RB'): 0, ('PDT', 'RBR'): 0, ('PDT', 'RBS'): 0, ('PDT', 'RP'): 0, ('PDT', 'SYM'): 0, ('PDT', 'TO'): 0, ('PDT', 'UH'): 0, ('PDT', 'VB'): 0, ('PDT', 'VBD'): 0, ('PDT', 'VBG'): 0, ('PDT', 'VBN'): 0, ('PDT', 'VBP'): 0, ('PDT', 'VBZ'): 0, ('PDT', 'WDT'): 0, ('PDT', 'WP'): 0, ('PDT', 'WP$'): 0, ('PDT', 'WRB'): 0, ('PDT', '``'): 0, ('POS', '#'): 0, ('POS', '$'): 0, ('POS', "''"): 0, ('POS', ','): 0, ('POS', '-LRB-'): 0, ('POS', '-RRB-'): 0, ('POS', '.'): 0, ('POS', ':'): 0, ('POS', 'CC'): 0, ('POS', 'CD'): 0, ('POS', 'DT'): 0, ('POS', 'EX'): 0, ('POS', 'FW'): 0, ('POS', 'IN'): 0, ('POS', 'JJ'): 0, ('POS', 'JJR'): 0, ('POS', 'JJS'): 0, ('POS', 'MD'): 0, ('POS', 'NN'): 0, ('POS', 'NNP'): 0, ('POS', 'NNPS'): 0, ('POS', 'NNS'): 0, ('POS', 'PDT'): 0, ('POS', 'POS'): 276, ('POS', 'PRP'): 0, ('POS', 'PRP$'): 0, ('POS', 'RB'): 0, ('POS', 'RBR'): 0, ('POS', 'RBS'): 0, ('POS', 'RP'): 0, ('POS', 'SYM'): 0, ('POS', 'TO'): 0, ('POS', 'UH'): 0, ('POS', 'VB'): 0, ('POS', 'VBD'): 0, ('POS', 'VBG'): 0, ('POS', 'VBN'): 0, ('POS', 'VBP'): 0, ('POS', 'VBZ'): 1, ('POS', 'WDT'): 0, ('POS', 'WP'): 0, ('POS', 'WP$'): 0, ('POS', 'WRB'): 0, ('POS', '``'): 0, ('PRP', '#'): 0, ('PRP', '$'): 0, ('PRP', "''"): 0, ('PRP', ','): 0, ('PRP', '-LRB-'): 0, ('PRP', '-RRB-'): 0, ('PRP', '.'): 0, ('PRP', ':'): 0, ('PRP', 'CC'): 0, ('PRP', 'CD'): 0, ('PRP', 'DT'): 0, ('PRP', 'EX'): 0, ('PRP', 'FW'): 0, ('PRP', 'IN'): 0, ('PRP', 'JJ'): 0, ('PRP', 'JJR'): 0, ('PRP', 'JJS'): 0, ('PRP', 'MD'): 0, ('PRP', 'NN'): 0, ('PRP', 'NNP'): 0, ('PRP', 'NNPS'): 0, ('PRP', 'NNS'): 0, ('PRP', 'PDT'): 0, ('PRP', 'POS'): 0, ('PRP', 'PRP'): 490, ('PRP', 'PRP$'): 1, ('PRP', 'RB'): 0, ('PRP', 'RBR'): 0, ('PRP', 'RBS'): 0, ('PRP', 'RP'): 0, ('PRP', 'SYM'): 0, ('PRP', 'TO'): 0, ('PRP', 'UH'): 0, ('PRP', 'VB'): 1, ('PRP', 'VBD'): 0, ('PRP', 'VBG'): 0, ('PRP', 'VBN'): 0, ('PRP', 'VBP'): 0, ('PRP', 'VBZ'): 0, ('PRP', 'WDT'): 0, ('PRP', 'WP'): 0, ('PRP', 'WP$'): 0, ('PRP', 'WRB'): 0, ('PRP', '``'): 0, ('PRP$', '#'): 0, ('PRP$', '$'): 0, ('PRP$', "''"): 0, ('PRP$', ','): 0, ('PRP$', '-LRB-'): 0, ('PRP$', '-RRB-'): 0, ('PRP$', '.'): 0, ('PRP$', ':'): 0, ('PRP$', 'CC'): 0, ('PRP$', 'CD'): 0, ('PRP$', 'DT'): 0, ('PRP$', 'EX'): 0, ('PRP$', 'FW'): 0, ('PRP$', 'IN'): 0, ('PRP$', 'JJ'): 0, ('PRP$', 'JJR'): 0, ('PRP$', 'JJS'): 0, ('PRP$', 'MD'): 0, ('PRP$', 'NN'): 0, ('PRP$', 'NNP'): 1, ('PRP$', 'NNPS'): 0, ('PRP$', 'NNS'): 0, ('PRP$', 'PDT'): 0, ('PRP$', 'POS'): 0, ('PRP$', 'PRP'): 0, ('PRP$', 'PRP$'): 233, ('PRP$', 'RB'): 0, ('PRP$', 'RBR'): 0, ('PRP$', 'RBS'): 0, ('PRP$', 'RP'): 0, ('PRP$', 'SYM'): 0, ('PRP$', 'TO'): 0, ('PRP$', 'UH'): 0, ('PRP$', 'VB'): 0, ('PRP$', 'VBD'): 0, ('PRP$', 'VBG'): 0, ('PRP$', 'VBN'): 0, ('PRP$', 'VBP'): 0, ('PRP$', 'VBZ'): 0, ('PRP$', 'WDT'): 0, ('PRP$', 'WP'): 0, ('PRP$', 'WP$'): 0, ('PRP$', 'WRB'): 0, ('PRP$', '``'): 0, ('RB', '#'): 0, ('RB', '$'): 0, ('RB', "''"): 0, ('RB', ','): 0, ('RB', '-LRB-'): 0, ('RB', '-RRB-'): 0, ('RB', '.'): 0, ('RB', ':'): 0, ('RB', 'CC'): 1, ('RB', 'CD'): 0, ('RB', 'DT'): 6, ('RB', 'EX'): 0, ('RB', 'FW'): 0, ('RB', 'IN'): 15, ('RB', 'JJ'): 17, ('RB', 'JJR'): 2, ('RB', 'JJS'): 1, ('RB', 'MD'): 0, ('RB', 'NN'): 8, ('RB', 'NNP'): 0, ('RB', 'NNPS'): 0, ('RB', 'NNS'): 0, ('RB', 'PDT'): 0, ('RB', 'POS'): 0, ('RB', 'PRP'): 0, ('RB', 'PRP$'): 0, ('RB', 'RB'): 728, ('RB', 'RBR'): 3, ('RB', 'RBS'): 0, ('RB', 'RP'): 2, ('RB', 'SYM'): 0, ('RB', 'TO'): 0, ('RB', 'UH'): 0, ('RB', 'VB'): 1, ('RB', 'VBD'): 0, ('RB', 'VBG'): 0, ('RB', 'VBN'): 0, ('RB', 'VBP'): 0, ('RB', 'VBZ'): 0, ('RB', 'WDT'): 0, ('RB', 'WP'): 0, ('RB', 'WP$'): 0, ('RB', 'WRB'): 0, ('RB', '``'): 0, ('RBR', '#'): 0, ('RBR', '$'): 0, ('RBR', "''"): 0, ('RBR', ','): 0, ('RBR', '-LRB-'): 0, ('RBR', '-RRB-'): 0, ('RBR', '.'): 0, ('RBR', ':'): 0, ('RBR', 'CC'): 0, ('RBR', 'CD'): 0, ('RBR', 'DT'): 0, ('RBR', 'EX'): 0, ('RBR', 'FW'): 0, ('RBR', 'IN'): 0, ('RBR', 'JJ'): 0, ('RBR', 'JJR'): 24, ('RBR', 'JJS'): 0, ('RBR', 'MD'): 0, ('RBR', 'NN'): 0, ('RBR', 'NNP'): 0, ('RBR', 'NNPS'): 0, ('RBR', 'NNS'): 0, ('RBR', 'PDT'): 0, ('RBR', 'POS'): 0, ('RBR', 'PRP'): 0, ('RBR', 'PRP$'): 0, ('RBR', 'RB'): 0, ('RBR', 'RBR'): 27, ('RBR', 'RBS'): 0, ('RBR', 'RP'): 0, ('RBR', 'SYM'): 0, ('RBR', 'TO'): 0, ('RBR', 'UH'): 0, ('RBR', 'VB'): 0, ('RBR', 'VBD'): 0, ('RBR', 'VBG'): 0, ('RBR', 'VBN'): 0, ('RBR', 'VBP'): 0, ('RBR', 'VBZ'): 0, ('RBR', 'WDT'): 0, ('RBR', 'WP'): 0, ('RBR', 'WP$'): 0, ('RBR', 'WRB'): 0, ('RBR', '``'): 0, ('RBS', '#'): 0, ('RBS', '$'): 0, ('RBS', "''"): 0, ('RBS', ','): 0, ('RBS', '-LRB-'): 0, ('RBS', '-RRB-'): 0, ('RBS', '.'): 0, ('RBS', ':'): 0, ('RBS', 'CC'): 0, ('RBS', 'CD'): 0, ('RBS', 'DT'): 0, ('RBS', 'EX'): 0, ('RBS', 'FW'): 0, ('RBS', 'IN'): 0, ('RBS', 'JJ'): 0, ('RBS', 'JJR'): 0, ('RBS', 'JJS'): 4, ('RBS', 'MD'): 0, ('RBS', 'NN'): 0, ('RBS', 'NNP'): 0, ('RBS', 'NNPS'): 0, ('RBS', 'NNS'): 0, ('RBS', 'PDT'): 0, ('RBS', 'POS'): 0, ('RBS', 'PRP'): 0, ('RBS', 'PRP$'): 0, ('RBS', 'RB'): 0, ('RBS', 'RBR'): 0, ('RBS', 'RBS'): 8, ('RBS', 'RP'): 0, ('RBS', 'SYM'): 0, ('RBS', 'TO'): 0, ('RBS', 'UH'): 0, ('RBS', 'VB'): 0, ('RBS', 'VBD'): 0, ('RBS', 'VBG'): 0, ('RBS', 'VBN'): 0, ('RBS', 'VBP'): 0, ('RBS', 'VBZ'): 0, ('RBS', 'WDT'): 0, ('RBS', 'WP'): 0, ('RBS', 'WP$'): 0, ('RBS', 'WRB'): 0, ('RBS', '``'): 0, ('RP', '#'): 0, ('RP', '$'): 0, ('RP', "''"): 0, ('RP', ','): 0, ('RP', '-LRB-'): 0, ('RP', '-RRB-'): 0, ('RP', '.'): 0, ('RP', ':'): 0, ('RP', 'CC'): 0, ('RP', 'CD'): 0, ('RP', 'DT'): 0, ('RP', 'EX'): 0, ('RP', 'FW'): 0, ('RP', 'IN'): 6, ('RP', 'JJ'): 0, ('RP', 'JJR'): 0, ('RP', 'JJS'): 0, ('RP', 'MD'): 0, ('RP', 'NN'): 0, ('RP', 'NNP'): 0, ('RP', 'NNPS'): 0, ('RP', 'NNS'): 0, ('RP', 'PDT'): 0, ('RP', 'POS'): 0, ('RP', 'PRP'): 0, ('RP', 'PRP$'): 0, ('RP', 'RB'): 5, ('RP', 'RBR'): 0, ('RP', 'RBS'): 0, ('RP', 'RP'): 38, ('RP', 'SYM'): 0, ('RP', 'TO'): 0, ('RP', 'UH'): 0, ('RP', 'VB'): 0, ('RP', 'VBD'): 0, ('RP', 'VBG'): 0, ('RP', 'VBN'): 0, ('RP', 'VBP'): 0, ('RP', 'VBZ'): 0, ('RP', 'WDT'): 0, ('RP', 'WP'): 0, ('RP', 'WP$'): 0, ('RP', 'WRB'): 0, ('RP', '``'): 0, ('SYM', '#'): 0, ('SYM', '$'): 0, ('SYM', "''"): 0, ('SYM', ','): 0, ('SYM', '-LRB-'): 0, ('SYM', '-RRB-'): 0, ('SYM', '.'): 0, ('SYM', ':'): 0, ('SYM', 'CC'): 0, ('SYM', 'CD'): 0, ('SYM', 'DT'): 0, ('SYM', 'EX'): 0, ('SYM', 'FW'): 0, ('SYM', 'IN'): 0, ('SYM', 'JJ'): 0, ('SYM', 'JJR'): 0, ('SYM', 'JJS'): 0, ('SYM', 'MD'): 0, ('SYM', 'NN'): 0, ('SYM', 'NNP'): 0, ('SYM', 'NNPS'): 0, ('SYM', 'NNS'): 0, ('SYM', 'PDT'): 0, ('SYM', 'POS'): 0, ('SYM', 'PRP'): 0, ('SYM', 'PRP$'): 0, ('SYM', 'RB'): 0, ('SYM', 'RBR'): 0, ('SYM', 'RBS'): 0, ('SYM', 'RP'): 0, ('SYM', 'SYM'): 0, ('SYM', 'TO'): 0, ('SYM', 'UH'): 0, ('SYM', 'VB'): 0, ('SYM', 'VBD'): 0, ('SYM', 'VBG'): 0, ('SYM', 'VBN'): 0, ('SYM', 'VBP'): 0, ('SYM', 'VBZ'): 0, ('SYM', 'WDT'): 0, ('SYM', 'WP'): 0, ('SYM', 'WP$'): 0, ('SYM', 'WRB'): 0, ('SYM', '``'): 0, ('TO', '#'): 0, ('TO', '$'): 0, ('TO', "''"): 0, ('TO', ','): 0, ('TO', '-LRB-'): 0, ('TO', '-RRB-'): 0, ('TO', '.'): 0, ('TO', ':'): 0, ('TO', 'CC'): 0, ('TO', 'CD'): 0, ('TO', 'DT'): 0, ('TO', 'EX'): 0, ('TO', 'FW'): 0, ('TO', 'IN'): 0, ('TO', 'JJ'): 0, ('TO', 'JJR'): 0, ('TO', 'JJS'): 0, ('TO', 'MD'): 0, ('TO', 'NN'): 0, ('TO', 'NNP'): 0, ('TO', 'NNPS'): 0, ('TO', 'NNS'): 0, ('TO', 'PDT'): 0, ('TO', 'POS'): 0, ('TO', 'PRP'): 0, ('TO', 'PRP$'): 0, ('TO', 'RB'): 0, ('TO', 'RBR'): 0, ('TO', 'RBS'): 0, ('TO', 'RP'): 0, ('TO', 'SYM'): 0, ('TO', 'TO'): 524, ('TO', 'UH'): 0, ('TO', 'VB'): 0, ('TO', 'VBD'): 0, ('TO', 'VBG'): 0, ('TO', 'VBN'): 0, ('TO', 'VBP'): 0, ('TO', 'VBZ'): 0, ('TO', 'WDT'): 0, ('TO', 'WP'): 0, ('TO', 'WP$'): 0, ('TO', 'WRB'): 0, ('TO', '``'): 0, ('UH', '#'): 0, ('UH', '$'): 0, ('UH', "''"): 0, ('UH', ','): 0, ('UH', '-LRB-'): 0, ('UH', '-RRB-'): 0, ('UH', '.'): 0, ('UH', ':'): 0, ('UH', 'CC'): 0, ('UH', 'CD'): 0, ('UH', 'DT'): 0, ('UH', 'EX'): 0, ('UH', 'FW'): 0, ('UH', 'IN'): 0, ('UH', 'JJ'): 0, ('UH', 'JJR'): 0, ('UH', 'JJS'): 0, ('UH', 'MD'): 0, ('UH', 'NN'): 0, ('UH', 'NNP'): 0, ('UH', 'NNPS'): 0, ('UH', 'NNS'): 2, ('UH', 'PDT'): 0, ('UH', 'POS'): 0, ('UH', 'PRP'): 0, ('UH', 'PRP$'): 0, ('UH', 'RB'): 1, ('UH', 'RBR'): 0, ('UH', 'RBS'): 0, ('UH', 'RP'): 0, ('UH', 'SYM'): 0, ('UH', 'TO'): 0, ('UH', 'UH'): 1, ('UH', 'VB'): 0, ('UH', 'VBD'): 0, ('UH', 'VBG'): 0, ('UH', 'VBN'): 0, ('UH', 'VBP'): 0, ('UH', 'VBZ'): 0, ('UH', 'WDT'): 0, ('UH', 'WP'): 0, ('UH', 'WP$'): 0, ('UH', 'WRB'): 0, ('UH', '``'): 0, ('VB', '#'): 0, ('VB', '$'): 0, ('VB', "''"): 0, ('VB', ','): 0, ('VB', '-LRB-'): 0, ('VB', '-RRB-'): 0, ('VB', '.'): 0, ('VB', ':'): 0, ('VB', 'CC'): 0, ('VB', 'CD'): 0, ('VB', 'DT'): 1, ('VB', 'EX'): 0, ('VB', 'FW'): 0, ('VB', 'IN'): 1, ('VB', 'JJ'): 2, ('VB', 'JJR'): 1, ('VB', 'JJS'): 0, ('VB', 'MD'): 0, ('VB', 'NN'): 13, ('VB', 'NNP'): 1, ('VB', 'NNPS'): 0, ('VB', 'NNS'): 0, ('VB', 'PDT'): 0, ('VB', 'POS'): 0, ('VB', 'PRP'): 0, ('VB', 'PRP$'): 0, ('VB', 'RB'): 0, ('VB', 'RBR'): 0, ('VB', 'RBS'): 0, ('VB', 'RP'): 0, ('VB', 'SYM'): 0, ('VB', 'TO'): 0, ('VB', 'UH'): 0, ('VB', 'VB'): 550, ('VB', 'VBD'): 1, ('VB', 'VBG'): 1, ('VB', 'VBN'): 1, ('VB', 'VBP'): 13, ('VB', 'VBZ'): 0, ('VB', 'WDT'): 0, ('VB', 'WP'): 0, ('VB', 'WP$'): 0, ('VB', 'WRB'): 0, ('VB', '``'): 0, ('VBD', '#'): 0, ('VBD', '$'): 0, ('VBD', "''"): 0, ('VBD', ','): 0, ('VBD', '-LRB-'): 0, ('VBD', '-RRB-'): 0, ('VBD', '.'): 0, ('VBD', ':'): 0, ('VBD', 'CC'): 0, ('VBD', 'CD'): 0, ('VBD', 'DT'): 0, ('VBD', 'EX'): 0, ('VBD', 'FW'): 0, ('VBD', 'IN'): 0, ('VBD', 'JJ'): 0, ('VBD', 'JJR'): 0, ('VBD', 'JJS'): 0, ('VBD', 'MD'): 0, ('VBD', 'NN'): 3, ('VBD', 'NNP'): 0, ('VBD', 'NNPS'): 0, ('VBD', 'NNS'): 0, ('VBD', 'PDT'): 0, ('VBD', 'POS'): 0, ('VBD', 'PRP'): 0, ('VBD', 'PRP$'): 0, ('VBD', 'RB'): 0, ('VBD', 'RBR'): 0, ('VBD', 'RBS'): 0, ('VBD', 'RP'): 0, ('VBD', 'SYM'): 0, ('VBD', 'TO'): 0, ('VBD', 'UH'): 0, ('VBD', 'VB'): 1, ('VBD', 'VBD'): 789, ('VBD', 'VBG'): 0, ('VBD', 'VBN'): 39, ('VBD', 'VBP'): 2, ('VBD', 'VBZ'): 0, ('VBD', 'WDT'): 0, ('VBD', 'WP'): 0, ('VBD', 'WP$'): 0, ('VBD', 'WRB'): 0, ('VBD', '``'): 0, ('VBG', '#'): 0, ('VBG', '$'): 0, ('VBG', "''"): 0, ('VBG', ','): 0, ('VBG', '-LRB-'): 0, ('VBG', '-RRB-'): 0, ('VBG', '.'): 0, ('VBG', ':'): 0, ('VBG', 'CC'): 0, ('VBG', 'CD'): 0, ('VBG', 'DT'): 0, ('VBG', 'EX'): 0, ('VBG', 'FW'): 0, ('VBG', 'IN'): 0, ('VBG', 'JJ'): 2, ('VBG', 'JJR'): 0, ('VBG', 'JJS'): 0, ('VBG', 'MD'): 0, ('VBG', 'NN'): 27, ('VBG', 'NNP'): 1, ('VBG', 'NNPS'): 0, ('VBG', 'NNS'): 0, ('VBG', 'PDT'): 0, ('VBG', 'POS'): 0, ('VBG', 'PRP'): 0, ('VBG', 'PRP$'): 0, ('VBG', 'RB'): 0, ('VBG', 'RBR'): 0, ('VBG', 'RBS'): 0, ('VBG', 'RP'): 0, ('VBG', 'SYM'): 0, ('VBG', 'TO'): 0, ('VBG', 'UH'): 0, ('VBG', 'VB'): 0, ('VBG', 'VBD'): 0, ('VBG', 'VBG'): 370, ('VBG', 'VBN'): 0, ('VBG', 'VBP'): 0, ('VBG', 'VBZ'): 0, ('VBG', 'WDT'): 0, ('VBG', 'WP'): 0, ('VBG', 'WP$'): 0, ('VBG', 'WRB'): 0, ('VBG', '``'): 0, ('VBN', '#'): 0, ('VBN', '$'): 0, ('VBN', "''"): 0, ('VBN', ','): 0, ('VBN', '-LRB-'): 0, ('VBN', '-RRB-'): 0, ('VBN', '.'): 0, ('VBN', ':'): 0, ('VBN', 'CC'): 0, ('VBN', 'CD'): 0, ('VBN', 'DT'): 0, ('VBN', 'EX'): 0, ('VBN', 'FW'): 0, ('VBN', 'IN'): 0, ('VBN', 'JJ'): 33, ('VBN', 'JJR'): 0, ('VBN', 'JJS'): 0, ('VBN', 'MD'): 0, ('VBN', 'NN'): 4, ('VBN', 'NNP'): 0, ('VBN', 'NNPS'): 0, ('VBN', 'NNS'): 0, ('VBN', 'PDT'): 0, ('VBN', 'POS'): 0, ('VBN', 'PRP'): 0, ('VBN', 'PRP$'): 0, ('VBN', 'RB'): 0, ('VBN', 'RBR'): 0, ('VBN', 'RBS'): 0, ('VBN', 'RP'): 0, ('VBN', 'SYM'): 0, ('VBN', 'TO'): 0, ('VBN', 'UH'): 0, ('VBN', 'VB'): 0, ('VBN', 'VBD'): 30, ('VBN', 'VBG'): 0, ('VBN', 'VBN'): 431, ('VBN', 'VBP'): 0, ('VBN', 'VBZ'): 0, ('VBN', 'WDT'): 0, ('VBN', 'WP'): 0, ('VBN', 'WP$'): 0, ('VBN', 'WRB'): 0, ('VBN', '``'): 0, ('VBP', '#'): 0, ('VBP', '$'): 0, ('VBP', "''"): 0, ('VBP', ','): 0, ('VBP', '-LRB-'): 0, ('VBP', '-RRB-'): 0, ('VBP', '.'): 0, ('VBP', ':'): 0, ('VBP', 'CC'): 0, ('VBP', 'CD'): 0, ('VBP', 'DT'): 0, ('VBP', 'EX'): 0, ('VBP', 'FW'): 0, ('VBP', 'IN'): 1, ('VBP', 'JJ'): 3, ('VBP', 'JJR'): 0, ('VBP', 'JJS'): 0, ('VBP', 'MD'): 1, ('VBP', 'NN'): 8, ('VBP', 'NNP'): 0, ('VBP', 'NNPS'): 0, ('VBP', 'NNS'): 0, ('VBP', 'PDT'): 0, ('VBP', 'POS'): 0, ('VBP', 'PRP'): 0, ('VBP', 'PRP$'): 0, ('VBP', 'RB'): 3, ('VBP', 'RBR'): 0, ('VBP', 'RBS'): 0, ('VBP', 'RP'): 0, ('VBP', 'SYM'): 0, ('VBP', 'TO'): 0, ('VBP', 'UH'): 0, ('VBP', 'VB'): 13, ('VBP', 'VBD'): 0, ('VBP', 'VBG'): 1, ('VBP', 'VBN'): 2, ('VBP', 'VBP'): 296, ('VBP', 'VBZ'): 0, ('VBP', 'WDT'): 0, ('VBP', 'WP'): 0, ('VBP', 'WP$'): 0, ('VBP', 'WRB'): 0, ('VBP', '``'): 0, ('VBZ', '#'): 0, ('VBZ', '$'): 0, ('VBZ', "''"): 0, ('VBZ', ','): 0, ('VBZ', '-LRB-'): 0, ('VBZ', '-RRB-'): 0, ('VBZ', '.'): 0, ('VBZ', ':'): 0, ('VBZ', 'CC'): 0, ('VBZ', 'CD'): 0, ('VBZ', 'DT'): 0, ('VBZ', 'EX'): 0, ('VBZ', 'FW'): 0, ('VBZ', 'IN'): 0, ('VBZ', 'JJ'): 0, ('VBZ', 'JJR'): 0, ('VBZ', 'JJS'): 0, ('VBZ', 'MD'): 0, ('VBZ', 'NN'): 0, ('VBZ', 'NNP'): 0, ('VBZ', 'NNPS'): 0, ('VBZ', 'NNS'): 22, ('VBZ', 'PDT'): 0, ('VBZ', 'POS'): 4, ('VBZ', 'PRP'): 0, ('VBZ', 'PRP$'): 0, ('VBZ', 'RB'): 0, ('VBZ', 'RBR'): 0, ('VBZ', 'RBS'): 0, ('VBZ', 'RP'): 0, ('VBZ', 'SYM'): 0, ('VBZ', 'TO'): 0, ('VBZ', 'UH'): 0, ('VBZ', 'VB'): 0, ('VBZ', 'VBD'): 0, ('VBZ', 'VBG'): 0, ('VBZ', 'VBN'): 0, ('VBZ', 'VBP'): 0, ('VBZ', 'VBZ'): 481, ('VBZ', 'WDT'): 0, ('VBZ', 'WP'): 0, ('VBZ', 'WP$'): 0, ('VBZ', 'WRB'): 0, ('VBZ', '``'): 0, ('WDT', '#'): 0, ('WDT', '$'): 0, ('WDT', "''"): 0, ('WDT', ','): 0, ('WDT', '-LRB-'): 0, ('WDT', '-RRB-'): 0, ('WDT', '.'): 0, ('WDT', ':'): 0, ('WDT', 'CC'): 0, ('WDT', 'CD'): 0, ('WDT', 'DT'): 0, ('WDT', 'EX'): 0, ('WDT', 'FW'): 0, ('WDT', 'IN'): 2, ('WDT', 'JJ'): 0, ('WDT', 'JJR'): 0, ('WDT', 'JJS'): 0, ('WDT', 'MD'): 0, ('WDT', 'NN'): 0, ('WDT', 'NNP'): 0, ('WDT', 'NNPS'): 0, ('WDT', 'NNS'): 0, ('WDT', 'PDT'): 0, ('WDT', 'POS'): 0, ('WDT', 'PRP'): 0, ('WDT', 'PRP$'): 0, ('WDT', 'RB'): 0, ('WDT', 'RBR'): 0, ('WDT', 'RBS'): 0, ('WDT', 'RP'): 0, ('WDT', 'SYM'): 0, ('WDT', 'TO'): 0, ('WDT', 'UH'): 0, ('WDT', 'VB'): 0, ('WDT', 'VBD'): 0, ('WDT', 'VBG'): 0, ('WDT', 'VBN'): 0, ('WDT', 'VBP'): 0, ('WDT', 'VBZ'): 0, ('WDT', 'WDT'): 116, ('WDT', 'WP'): 0, ('WDT', 'WP$'): 0, ('WDT', 'WRB'): 0, ('WDT', '``'): 0, ('WP', '#'): 0, ('WP', '$'): 0, ('WP', "''"): 0, ('WP', ','): 0, ('WP', '-LRB-'): 0, ('WP', '-RRB-'): 0, ('WP', '.'): 0, ('WP', ':'): 0, ('WP', 'CC'): 0, ('WP', 'CD'): 0, ('WP', 'DT'): 0, ('WP', 'EX'): 0, ('WP', 'FW'): 0, ('WP', 'IN'): 0, ('WP', 'JJ'): 0, ('WP', 'JJR'): 0, ('WP', 'JJS'): 0, ('WP', 'MD'): 0, ('WP', 'NN'): 0, ('WP', 'NNP'): 0, ('WP', 'NNPS'): 0, ('WP', 'NNS'): 0, ('WP', 'PDT'): 0, ('WP', 'POS'): 0, ('WP', 'PRP'): 0, ('WP', 'PRP$'): 0, ('WP', 'RB'): 0, ('WP', 'RBR'): 0, ('WP', 'RBS'): 0, ('WP', 'RP'): 0, ('WP', 'SYM'): 0, ('WP', 'TO'): 0, ('WP', 'UH'): 0, ('WP', 'VB'): 0, ('WP', 'VBD'): 0, ('WP', 'VBG'): 0, ('WP', 'VBN'): 0, ('WP', 'VBP'): 0, ('WP', 'VBZ'): 0, ('WP', 'WDT'): 0, ('WP', 'WP'): 52, ('WP', 'WP$'): 0, ('WP', 'WRB'): 0, ('WP', '``'): 0, ('WP$', '#'): 0, ('WP$', '$'): 0, ('WP$', "''"): 0, ('WP$', ','): 0, ('WP$', '-LRB-'): 0, ('WP$', '-RRB-'): 0, ('WP$', '.'): 0, ('WP$', ':'): 0, ('WP$', 'CC'): 0, ('WP$', 'CD'): 0, ('WP$', 'DT'): 0, ('WP$', 'EX'): 0, ('WP$', 'FW'): 0, ('WP$', 'IN'): 0, ('WP$', 'JJ'): 0, ('WP$', 'JJR'): 0, ('WP$', 'JJS'): 0, ('WP$', 'MD'): 0, ('WP$', 'NN'): 0, ('WP$', 'NNP'): 0, ('WP$', 'NNPS'): 0, ('WP$', 'NNS'): 0, ('WP$', 'PDT'): 0, ('WP$', 'POS'): 0, ('WP$', 'PRP'): 0, ('WP$', 'PRP$'): 0, ('WP$', 'RB'): 0, ('WP$', 'RBR'): 0, ('WP$', 'RBS'): 0, ('WP$', 'RP'): 0, ('WP$', 'SYM'): 0, ('WP$', 'TO'): 0, ('WP$', 'UH'): 0, ('WP$', 'VB'): 0, ('WP$', 'VBD'): 0, ('WP$', 'VBG'): 0, ('WP$', 'VBN'): 0, ('WP$', 'VBP'): 0, ('WP$', 'VBZ'): 0, ('WP$', 'WDT'): 0, ('WP$', 'WP'): 0, ('WP$', 'WP$'): 8, ('WP$', 'WRB'): 0, ('WP$', '``'): 0, ('WRB', '#'): 0, ('WRB', '$'): 0, ('WRB', "''"): 0, ('WRB', ','): 0, ('WRB', '-LRB-'): 0, ('WRB', '-RRB-'): 0, ('WRB', '.'): 0, ('WRB', ':'): 0, ('WRB', 'CC'): 0, ('WRB', 'CD'): 0, ('WRB', 'DT'): 0, ('WRB', 'EX'): 0, ('WRB', 'FW'): 0, ('WRB', 'IN'): 0, ('WRB', 'JJ'): 0, ('WRB', 'JJR'): 0, ('WRB', 'JJS'): 0, ('WRB', 'MD'): 0, ('WRB', 'NN'): 0, ('WRB', 'NNP'): 0, ('WRB', 'NNPS'): 0, ('WRB', 'NNS'): 0, ('WRB', 'PDT'): 0, ('WRB', 'POS'): 0, ('WRB', 'PRP'): 0, ('WRB', 'PRP$'): 0, ('WRB', 'RB'): 0, ('WRB', 'RBR'): 0, ('WRB', 'RBS'): 0, ('WRB', 'RP'): 0, ('WRB', 'SYM'): 0, ('WRB', 'TO'): 0, ('WRB', 'UH'): 0, ('WRB', 'VB'): 0, ('WRB', 'VBD'): 0, ('WRB', 'VBG'): 0, ('WRB', 'VBN'): 0, ('WRB', 'VBP'): 0, ('WRB', 'VBZ'): 0, ('WRB', 'WDT'): 0, ('WRB', 'WP'): 0, ('WRB', 'WP$'): 0, ('WRB', 'WRB'): 56, ('WRB', '``'): 0, ('``', '#'): 0, ('``', '$'): 0, ('``', "''"): 0, ('``', ','): 0, ('``', '-LRB-'): 0, ('``', '-RRB-'): 0, ('``', '.'): 0, ('``', ':'): 0, ('``', 'CC'): 0, ('``', 'CD'): 0, ('``', 'DT'): 0, ('``', 'EX'): 0, ('``', 'FW'): 0, ('``', 'IN'): 0, ('``', 'JJ'): 0, ('``', 'JJR'): 0, ('``', 'JJS'): 0, ('``', 'MD'): 0, ('``', 'NN'): 0, ('``', 'NNP'): 0, ('``', 'NNPS'): 0, ('``', 'NNS'): 0, ('``', 'PDT'): 0, ('``', 'POS'): 0, ('``', 'PRP'): 0, ('``', 'PRP$'): 0, ('``', 'RB'): 0, ('``', 'RBR'): 0, ('``', 'RBS'): 0, ('``', 'RP'): 0, ('``', 'SYM'): 0, ('``', 'TO'): 0, ('``', 'UH'): 0, ('``', 'VB'): 0, ('``', 'VBD'): 0, ('``', 'VBG'): 0, ('``', 'VBN'): 0, ('``', 'VBP'): 1, ('``', 'VBZ'): 0, ('``', 'WDT'): 0, ('``', 'WP'): 0, ('``', 'WP$'): 0, ('``', 'WRB'): 0, ('``', '``'): 149}
MODEL 1 TRAINING ON FILE train1test1.wtag TOOK 11655.223356485367 SECS
MODEL 1 INFERENCE ON train1test1.wtag TOOK 16749.956377506256 SECS
ACCURACY FOR MODEL 1 TRAINED ON train1test1.wtag AND INFERENCE ON train1test1.wtag = 0.9867893792657865
MODEL 1 INFERENCE ON comp1.words TOOK 2816.950893163681 SECS
MODEL 2 TRAINING ON FILE train2.wtag TOOK 261.51214814186096 SECS
MODEL 2 INFERENCE ON train2.wtag TOOK 523.3085775375366 SECS
ACCURACY FOR MODEL 2 TRAINED ON train2.wtag AND INFERENCE ON train2.wtag = 0.9996709443896018
MODEL 2 INFERENCE ON comp2.words TOOK 2210.5987842082977 SECS
